
[ERROR] PID 39547 - "scheduled task 051" took 11m 29s
[ERROR] PID 45135 - "scheduled task 515" took 12m 23s
[WARNING] PID 71766 - "scheduled task 074" took 5m 47s
[ERROR] PID 81258 - "background job wmy" took 14m 46s
[WARNING] PID 87228 - "scheduled task 268" took 9m 28s
[WARNING] PID 50295 - "scheduled task 811" took 6m 35s
[WARNING] PID 27222 - "scheduled task 294" took 6m 8s
[WARNING] PID 87570 - "scheduled task 794" took 7m 53s
[WARNING] PID 99672 - "background job sqm" took 5m 13s
[WARNING] PID 86716 - "background job xfg" took 5m 34s
[ERROR] PID 22003 - "scheduled task 004" took 11m 13s
[ERROR] PID 85742 - "scheduled task 064" took 12m 17s
[WARNING] PID 98746 - "scheduled task 746" took 7m 17s
[ERROR] PID 39860 - "scheduled task 460" took 19m 52s
[ERROR] PID 52532 - "background job tqc" took 13m 53s
[ERROR] PID 62401 - "scheduled task 936" took 10m 24s
[ERROR] PID 23703 - "scheduled task 374" took 13m 26s
[ERROR] PID 70808 - "scheduled task 182" took 33m 43s
[WARNING] PID 24482 - "scheduled task 672" took 8m 36s

--- Job Report ---
[OK] 37980 - scheduled task 032 - 0m 33s
[OK] 57672 - scheduled task 796 - 0m 7s
[OK] 10515 - scheduled task 386 - 1m 51s
[OK] 23118 - scheduled task 188 - 0m 39s
[OK] 60134 - background job ulp - 0m 44s
[OK] 90962 - scheduled task 996 - 1m 55s
[OK] 90812 - background job dej - 4m 6s
[OK] 75164 - scheduled task 173 - 1m 4s
[OK] 36709 - background job djw - 0m 50s
[OK] 26831 - scheduled task 538 - 2m 12s
[OK] 47139 - scheduled task 946 - 3m 26s
[ERROR] 39547 - scheduled task 051 - 11m 29s
[ERROR] 45135 - scheduled task 515 - 12m 23s
[OK] 32904 - scheduled task 697 - 0m 34s
[WARNING] 71766 - scheduled task 074 - 5m 47s
[OK] 24799 - scheduled task 536 - 0m 7s
[ERROR] 81258 - background job wmy - 14m 46s
[OK] 32674 - scheduled task 626 - 1m 26s
[OK] 38579 - background job you - 3m 33s
[WARNING] 87228 - scheduled task 268 - 9m 28s
[WARNING] 50295 - scheduled task 811 - 6m 35s
[OK] 55722 - background job cmx - 0m 47s
[OK] 33528 - scheduled task 706 - 3m 22s
[WARNING] 27222 - scheduled task 294 - 6m 8s
[OK] 64591 - scheduled task 521 - 1m 50s
[OK] 67833 - scheduled task 080 - 3m 35s
[WARNING] 87570 - scheduled task 794 - 7m 53s
[WARNING] 99672 - background job sqm - 5m 13s
[OK] 96183 - scheduled task 678 - 4m 14s
[OK] 16168 - scheduled task 773 - 0m 16s
[OK] 34189 - scheduled task 920 - 3m 19s
[WARNING] 86716 - background job xfg - 5m 34s
[ERROR] 22003 - scheduled task 004 - 11m 13s
[ERROR] 85742 - scheduled task 064 - 12m 17s
[OK] 81470 - background job wiy - 1m 3s
[WARNING] 98746 - scheduled task 746 - 7m 17s
[ERROR] 39860 - scheduled task 460 - 19m 52s
[ERROR] 52532 - background job tqc - 13m 53s
[OK] 62922 - scheduled task 531 - 0m 49s
[ERROR] 62401 - scheduled task 936 - 10m 24s
[ERROR] 23703 - scheduled task 374 - 13m 26s
[ERROR] 70808 - scheduled task 182 - 33m 43s
[WARNING] 24482 - scheduled task 672 - 8m 36s